app/build/intermediates/manifest_merge_blame_file/release/manifest-merger-blame-release-report.txt
1<?xml version="1.0" encoding="utf-8"?>
2<manifest xmlns:android="http://schemas.android.com/apk/res/android"
3    package="lnmiit.college.counsellingapp"
4    android:versionCode="1"
5    android:versionName="1.0" >
6
7    <uses-sdk
8        android:minSdkVersion="21"
8-->src\main\AndroidManifest.xml
9        android:targetSdkVersion="29" />
9-->src\main\AndroidManifest.xml
10
11    <uses-permission android:name="android.permission.INTERNET" />
11-->src\main\AndroidManifest.xml:5:5-66
11-->src\main\AndroidManifest.xml:5:22-64
12    <uses-permission android:name="android.permission.READ_EXTERNAL_STORAGE" />
12-->src\main\AndroidManifest.xml:6:5-79
12-->src\main\AndroidManifest.xml:6:22-77
13    <uses-permission android:name="android.permission.RECORD_AUDIO" />
13-->src\main\AndroidManifest.xml:7:5-70
13-->src\main\AndroidManifest.xml:7:22-68
14    <uses-permission android:name="android.permission.WRITE_EXTERNAL_STORAGE" />
14-->src\main\AndroidManifest.xml:8:5-80
14-->src\main\AndroidManifest.xml:8:22-78
15    <uses-permission android:name="android.permission.ACCESS_NETWORK_STATE" />
15-->[com.google.firebase:firebase-firestore:17.1.2] AndroidManifest.xml:10:5-79
15-->[com.google.firebase:firebase-firestore:17.1.2] AndroidManifest.xml:10:22-76
16    <uses-permission android:name="android.permission.WAKE_LOCK" /> <!-- Required by older versions of Google Play services to create IID tokens -->
16-->[com.google.android.gms:play-services-measurement-api:17.0.0] AndroidManifest.xml:24:5-68
16-->[com.google.android.gms:play-services-measurement-api:17.0.0] AndroidManifest.xml:24:22-65
17    <uses-permission android:name="com.google.android.c2dm.permission.RECEIVE" />
17-->[com.google.firebase:firebase-iid:19.0.0] AndroidManifest.xml:26:5-82
17-->[com.google.firebase:firebase-iid:19.0.0] AndroidManifest.xml:26:22-79
18    <uses-permission android:name="com.google.android.finsky.permission.BIND_GET_INSTALL_REFERRER_SERVICE" />
18-->[com.google.android.gms:play-services-measurement:17.0.0] AndroidManifest.xml:26:5-110
18-->[com.google.android.gms:play-services-measurement:17.0.0] AndroidManifest.xml:26:22-107
19
20    <application
20-->src\main\AndroidManifest.xml:9:5-48:19
21        android:allowBackup="true"
21-->src\main\AndroidManifest.xml:10:9-35
22        android:appComponentFactory="androidx.core.app.CoreComponentFactory"
22-->[androidx.core:core:1.1.0] AndroidManifest.xml:24:18-86
23        android:icon="@drawable/logocwph"
23-->src\main\AndroidManifest.xml:11:9-42
24        android:label="@string/app_name"
24-->src\main\AndroidManifest.xml:12:9-41
25        android:roundIcon="@drawable/logocwph"
25-->src\main\AndroidManifest.xml:13:9-47
26        android:supportsRtl="true"
26-->src\main\AndroidManifest.xml:14:9-35
27        android:theme="@style/AppTheme.NoActionBar" >
27-->src\main\AndroidManifest.xml:15:9-52
28        <activity
28-->src\main\AndroidManifest.xml:17:9-25:20
29            android:name="lnmiit.college.counsellingapp.mn.crawler.rview.Respond_To_A_Question"
29-->src\main\AndroidManifest.xml:17:19-73
30            android:parentActivityName="lnmiit.college.counsellingapp.mn.crawler.rview.MainActivity"
30-->src\main\AndroidManifest.xml:18:13-72
31            android:screenOrientation="portrait" >
31-->src\main\AndroidManifest.xml:19:13-49
32            <meta-data
32-->src\main\AndroidManifest.xml:21:13-23:65
33                android:name="android.support.PARENT_ACTIVITY"
33-->src\main\AndroidManifest.xml:22:17-63
34                android:value=".mn.crawler.rview.MainActivity" />
34-->src\main\AndroidManifest.xml:23:17-63
35        </activity>
36        <activity
36-->src\main\AndroidManifest.xml:26:9-86
37            android:name="lnmiit.college.counsellingapp.AskQuestion"
37-->src\main\AndroidManifest.xml:26:19-46
38            android:screenOrientation="portrait" />
38-->src\main\AndroidManifest.xml:26:47-83
39        <activity
39-->src\main\AndroidManifest.xml:27:9-29:20
40            android:name="lnmiit.college.counsellingapp.Introduction_Activity"
40-->src\main\AndroidManifest.xml:27:19-56
41            android:screenOrientation="portrait" >
41-->src\main\AndroidManifest.xml:27:57-93
42        </activity>
43        <activity
43-->src\main\AndroidManifest.xml:30:9-36:20
44            android:name="lnmiit.college.counsellingapp.LoginActivity"
44-->src\main\AndroidManifest.xml:30:19-48
45            android:screenOrientation="portrait" >
45-->src\main\AndroidManifest.xml:30:49-85
46            <intent-filter>
46-->src\main\AndroidManifest.xml:31:13-35:29
47                <action android:name="android.intent.action.MAIN" />
47-->src\main\AndroidManifest.xml:32:17-69
47-->src\main\AndroidManifest.xml:32:25-66
48
49                <category android:name="android.intent.category.LAUNCHER" />
49-->src\main\AndroidManifest.xml:34:17-77
49-->src\main\AndroidManifest.xml:34:27-74
50            </intent-filter>
51        </activity>
52        <activity
52-->src\main\AndroidManifest.xml:37:9-107
53            android:name="lnmiit.college.counsellingapp.mn.crawler.rview.activity_answer"
53-->src\main\AndroidManifest.xml:37:19-67
54            android:screenOrientation="portrait" />
54-->src\main\AndroidManifest.xml:37:68-104
55        <activity
55-->src\main\AndroidManifest.xml:38:9-43:20
56            android:name="lnmiit.college.counsellingapp.mn.crawler.rview.MainActivity"
56-->src\main\AndroidManifest.xml:39:13-58
57            android:screenOrientation="portrait"
57-->src\main\AndroidManifest.xml:41:13-49
58            android:theme="@style/AppTheme.NoActionBar" >
58-->src\main\AndroidManifest.xml:40:13-56
59        </activity>
60
61        <meta-data
61-->src\main\AndroidManifest.xml:45:9-47:57
62            android:name="preloaded_fonts"
62-->src\main\AndroidManifest.xml:46:13-43
63            android:resource="@array/preloaded_fonts" />
63-->src\main\AndroidManifest.xml:47:13-54
64
65        <activity
65-->[com.google.firebase:firebase-auth:19.3.1] AndroidManifest.xml:24:9-31:50
66            android:name="com.google.firebase.auth.internal.FederatedSignInActivity"
66-->[com.google.firebase:firebase-auth:19.3.1] AndroidManifest.xml:25:13-85
67            android:excludeFromRecents="true"
67-->[com.google.firebase:firebase-auth:19.3.1] AndroidManifest.xml:26:13-46
68            android:exported="true"
68-->[com.google.firebase:firebase-auth:19.3.1] AndroidManifest.xml:27:13-36
69            android:launchMode="singleTask"
69-->[com.google.firebase:firebase-auth:19.3.1] AndroidManifest.xml:28:13-44
70            android:permission="com.google.firebase.auth.api.gms.permission.LAUNCH_FEDERATED_SIGN_IN"
70-->[com.google.firebase:firebase-auth:19.3.1] AndroidManifest.xml:29:13-102
71            android:theme="@android:style/Theme.Translucent.NoTitleBar" />
71-->[com.google.firebase:firebase-auth:19.3.1] AndroidManifest.xml:30:13-72
72
73        <service
73-->[com.google.firebase:firebase-auth:19.3.1] AndroidManifest.xml:33:9-39:19
74            android:name="com.google.firebase.components.ComponentDiscoveryService"
74-->[com.google.firebase:firebase-auth:19.3.1] AndroidManifest.xml:34:13-84
75            android:directBootAware="true"
75-->[com.google.firebase:firebase-common:19.3.0] AndroidManifest.xml:34:13-43
76            android:exported="false" >
76-->[com.google.firebase:firebase-auth:19.3.1] AndroidManifest.xml:35:13-37
77            <meta-data
77-->[com.google.firebase:firebase-auth:19.3.1] AndroidManifest.xml:36:13-38:85
78                android:name="com.google.firebase.components:com.google.firebase.auth.FirebaseAuthRegistrar"
78-->[com.google.firebase:firebase-auth:19.3.1] AndroidManifest.xml:37:17-109
79                android:value="com.google.firebase.components.ComponentRegistrar" />
79-->[com.google.firebase:firebase-auth:19.3.1] AndroidManifest.xml:38:17-82
80            <meta-data
80-->[com.google.firebase:firebase-firestore:17.1.2] AndroidManifest.xml:15:13-17:85
81                android:name="com.google.firebase.components:com.google.firebase.firestore.FirestoreRegistrar"
81-->[com.google.firebase:firebase-firestore:17.1.2] AndroidManifest.xml:16:17-111
82                android:value="com.google.firebase.components.ComponentRegistrar" />
82-->[com.google.firebase:firebase-firestore:17.1.2] AndroidManifest.xml:17:17-82
83            <meta-data
83-->[com.google.firebase:firebase-storage:19.1.1] AndroidManifest.xml:33:13-35:85
84                android:name="com.google.firebase.components:com.google.firebase.storage.StorageRegistrar"
84-->[com.google.firebase:firebase-storage:19.1.1] AndroidManifest.xml:34:17-107
85                android:value="com.google.firebase.components.ComponentRegistrar" />
85-->[com.google.firebase:firebase-storage:19.1.1] AndroidManifest.xml:35:17-82
86            <meta-data
86-->[com.google.android.gms:play-services-measurement-api:17.0.0] AndroidManifest.xml:30:13-32:85
87                android:name="com.google.firebase.components:com.google.firebase.analytics.connector.internal.AnalyticsConnectorRegistrar"
87-->[com.google.android.gms:play-services-measurement-api:17.0.0] AndroidManifest.xml:31:17-139
88                android:value="com.google.firebase.components.ComponentRegistrar" />
88-->[com.google.android.gms:play-services-measurement-api:17.0.0] AndroidManifest.xml:32:17-82
89            <meta-data
89-->[com.google.firebase:firebase-iid:19.0.0] AndroidManifest.xml:32:13-34:85
90                android:name="com.google.firebase.components:com.google.firebase.iid.Registrar"
90-->[com.google.firebase:firebase-iid:19.0.0] AndroidManifest.xml:33:17-96
91                android:value="com.google.firebase.components.ComponentRegistrar" />
91-->[com.google.firebase:firebase-iid:19.0.0] AndroidManifest.xml:34:17-82
92        </service>
93
94        <provider
94-->[com.squareup.picasso:picasso:2.71828] AndroidManifest.xml:8:9-11:40
95            android:name="com.squareup.picasso.PicassoProvider"
95-->[com.squareup.picasso:picasso:2.71828] AndroidManifest.xml:9:13-64
96            android:authorities="lnmiit.college.counsellingapp.com.squareup.picasso"
96-->[com.squareup.picasso:picasso:2.71828] AndroidManifest.xml:10:13-72
97            android:exported="false" />
97-->[com.squareup.picasso:picasso:2.71828] AndroidManifest.xml:11:13-37
98
99        <activity
99-->[com.google.android.gms:play-services-auth:18.0.0] AndroidManifest.xml:23:9-27:75
100            android:name="com.google.android.gms.auth.api.signin.internal.SignInHubActivity"
100-->[com.google.android.gms:play-services-auth:18.0.0] AndroidManifest.xml:24:13-93
101            android:excludeFromRecents="true"
101-->[com.google.android.gms:play-services-auth:18.0.0] AndroidManifest.xml:25:13-46
102            android:exported="false"
102-->[com.google.android.gms:play-services-auth:18.0.0] AndroidManifest.xml:26:13-37
103            android:theme="@android:style/Theme.Translucent.NoTitleBar" />
103-->[com.google.android.gms:play-services-auth:18.0.0] AndroidManifest.xml:27:13-72
104        <!--
105            Service handling Google Sign-In user revocation. For apps that do not integrate with
106            Google Sign-In, this service will never be started.
107        -->
108        <service
108-->[com.google.android.gms:play-services-auth:18.0.0] AndroidManifest.xml:33:9-36:110
109            android:name="com.google.android.gms.auth.api.signin.RevocationBoundService"
109-->[com.google.android.gms:play-services-auth:18.0.0] AndroidManifest.xml:34:13-89
110            android:exported="true"
110-->[com.google.android.gms:play-services-auth:18.0.0] AndroidManifest.xml:35:13-36
111            android:permission="com.google.android.gms.auth.api.signin.permission.REVOCATION_NOTIFICATION" />
111-->[com.google.android.gms:play-services-auth:18.0.0] AndroidManifest.xml:36:13-107
112
113        <receiver
113-->[com.google.firebase:firebase-iid:19.0.0] AndroidManifest.xml:37:9-44:20
114            android:name="com.google.firebase.iid.FirebaseInstanceIdReceiver"
114-->[com.google.firebase:firebase-iid:19.0.0] AndroidManifest.xml:38:13-78
115            android:exported="true"
115-->[com.google.firebase:firebase-iid:19.0.0] AndroidManifest.xml:39:13-36
116            android:permission="com.google.android.c2dm.permission.SEND" >
116-->[com.google.firebase:firebase-iid:19.0.0] AndroidManifest.xml:40:13-73
117            <intent-filter>
117-->[com.google.firebase:firebase-iid:19.0.0] AndroidManifest.xml:41:13-43:29
118                <action android:name="com.google.android.c2dm.intent.RECEIVE" />
118-->[com.google.firebase:firebase-iid:19.0.0] AndroidManifest.xml:42:17-81
118-->[com.google.firebase:firebase-iid:19.0.0] AndroidManifest.xml:42:25-78
119            </intent-filter>
120        </receiver>
121
122        <activity
122-->[com.google.android.gms:play-services-base:17.1.0] AndroidManifest.xml:23:9-26:75
123            android:name="com.google.android.gms.common.api.GoogleApiActivity"
123-->[com.google.android.gms:play-services-base:17.1.0] AndroidManifest.xml:24:13-79
124            android:exported="false"
124-->[com.google.android.gms:play-services-base:17.1.0] AndroidManifest.xml:25:13-37
125            android:theme="@android:style/Theme.Translucent.NoTitleBar" />
125-->[com.google.android.gms:play-services-base:17.1.0] AndroidManifest.xml:26:13-72
126
127        <provider
127-->[com.google.firebase:firebase-common:19.3.0] AndroidManifest.xml:26:9-30:39
128            android:name="com.google.firebase.provider.FirebaseInitProvider"
128-->[com.google.firebase:firebase-common:19.3.0] AndroidManifest.xml:27:13-77
129            android:authorities="lnmiit.college.counsellingapp.firebaseinitprovider"
129-->[com.google.firebase:firebase-common:19.3.0] AndroidManifest.xml:28:13-72
130            android:exported="false"
130-->[com.google.firebase:firebase-common:19.3.0] AndroidManifest.xml:29:13-37
131            android:initOrder="100" />
131-->[com.google.firebase:firebase-common:19.3.0] AndroidManifest.xml:30:13-36
132
133        <receiver
133-->[com.google.android.gms:play-services-measurement:17.0.0] AndroidManifest.xml:29:9-33:20
134            android:name="com.google.android.gms.measurement.AppMeasurementReceiver"
134-->[com.google.android.gms:play-services-measurement:17.0.0] AndroidManifest.xml:30:13-85
135            android:enabled="true"
135-->[com.google.android.gms:play-services-measurement:17.0.0] AndroidManifest.xml:31:13-35
136            android:exported="false" >
136-->[com.google.android.gms:play-services-measurement:17.0.0] AndroidManifest.xml:32:13-37
137        </receiver>
138        <receiver
138-->[com.google.android.gms:play-services-measurement:17.0.0] AndroidManifest.xml:34:9-42:20
139            android:name="com.google.android.gms.measurement.AppMeasurementInstallReferrerReceiver"
139-->[com.google.android.gms:play-services-measurement:17.0.0] AndroidManifest.xml:35:13-100
140            android:enabled="true"
140-->[com.google.android.gms:play-services-measurement:17.0.0] AndroidManifest.xml:36:13-35
141            android:exported="true"
141-->[com.google.android.gms:play-services-measurement:17.0.0] AndroidManifest.xml:37:13-36
142            android:permission="android.permission.INSTALL_PACKAGES" >
142-->[com.google.android.gms:play-services-measurement:17.0.0] AndroidManifest.xml:38:13-69
143            <intent-filter>
143-->[com.google.android.gms:play-services-measurement:17.0.0] AndroidManifest.xml:39:13-41:29
144                <action android:name="com.android.vending.INSTALL_REFERRER" />
144-->[com.google.android.gms:play-services-measurement:17.0.0] AndroidManifest.xml:40:17-79
144-->[com.google.android.gms:play-services-measurement:17.0.0] AndroidManifest.xml:40:25-76
145            </intent-filter>
146        </receiver>
147
148        <service
148-->[com.google.android.gms:play-services-measurement:17.0.0] AndroidManifest.xml:44:9-47:40
149            android:name="com.google.android.gms.measurement.AppMeasurementService"
149-->[com.google.android.gms:play-services-measurement:17.0.0] AndroidManifest.xml:45:13-84
150            android:enabled="true"
150-->[com.google.android.gms:play-services-measurement:17.0.0] AndroidManifest.xml:46:13-35
151            android:exported="false" />
151-->[com.google.android.gms:play-services-measurement:17.0.0] AndroidManifest.xml:47:13-37
152        <service
152-->[com.google.android.gms:play-services-measurement:17.0.0] AndroidManifest.xml:48:9-52:72
153            android:name="com.google.android.gms.measurement.AppMeasurementJobService"
153-->[com.google.android.gms:play-services-measurement:17.0.0] AndroidManifest.xml:49:13-87
154            android:enabled="true"
154-->[com.google.android.gms:play-services-measurement:17.0.0] AndroidManifest.xml:50:13-35
155            android:exported="false"
155-->[com.google.android.gms:play-services-measurement:17.0.0] AndroidManifest.xml:51:13-37
156            android:permission="android.permission.BIND_JOB_SERVICE" />
156-->[com.google.android.gms:play-services-measurement:17.0.0] AndroidManifest.xml:52:13-69
157
158        <meta-data
158-->[com.google.android.gms:play-services-basement:17.1.1] AndroidManifest.xml:23:9-25:69
159            android:name="com.google.android.gms.version"
159-->[com.google.android.gms:play-services-basement:17.1.1] AndroidManifest.xml:24:13-58
160            android:value="@integer/google_play_services_version" />
160-->[com.google.android.gms:play-services-basement:17.1.1] AndroidManifest.xml:25:13-66
161    </application>
162
163</manifest>